# JRE version: Java(TM) SE Runtime Environment (8.0_121-b13) (build 1.8.0_121-b13)
# Java VM: Java HotSpot(TM) Client VM (25.121-b13 mixed mode windows-x86 )
Heap:
 def new generation   total 101376K, used 28470K [0x03c00000, 0x0a9f0000, 0x0e2a0000)
  eden space 90176K,  21% used [0x03c00000, 0x04f58908, 0x09410000)
  from space 11200K,  77% used [0x09f00000, 0x0a7750a0, 0x0a9f0000)
  to   space 11200K,   0% used [0x09410000, 0x09410000, 0x09f00000)
 tenured generation   total 225072K, used 223328K [0x0e2a0000, 0x1be6c000, 0x23000000)
   the space 225072K,  99% used [0x0e2a0000, 0x1bcb83a0, 0x1bcb8400, 0x1be6c000)
 Metaspace       used 32857K, capacity 38928K, committed 39040K, reserved 39296K
GC Heap History (10 events):
Event: 11146.944 GC heap before
{Heap before GC invocations=1270 (full 59):
 def new generation   total 101376K, used 98313K [0x03c00000, 0x0a9f0000, 0x0e2a0000)
  eden space 90176K, 100% used [0x03c00000, 0x09410000, 0x09410000)
  from space 11200K,  72% used [0x09410000, 0x09c025a8, 0x09f00000)
  to   space 11200K,   0% used [0x09f00000, 0x09f00000, 0x0a9f0000)
 tenured generation   total 225072K, used 215054K [0x0e2a0000, 0x1be6c000, 0x23000000)
   the space 225072K,  95% used [0x0e2a0000, 0x1b4a38d0, 0x1b4a3a00, 0x1be6c000)
 Metaspace       used 32763K, capacity 38775K, committed 38784K, reserved 39296K
Event: 11146.952 GC heap after
Heap after GC invocations=1271 (full 59):
 def new generation   total 101376K, used 8144K [0x03c00000, 0x0a9f0000, 0x0e2a0000)
  eden space 90176K,   0% used [0x03c00000, 0x03c00000, 0x09410000)
  from space 11200K,  72% used [0x09f00000, 0x0a6f4340, 0x0a9f0000)
  to   space 11200K,   0% used [0x09410000, 0x09410000, 0x09f00000)
 tenured generation   total 225072K, used 223183K [0x0e2a0000, 0x1be6c000, 0x23000000)
   the space 225072K,  99% used [0x0e2a0000, 0x1bc93c28, 0x1bc93e00, 0x1be6c000)
 Metaspace       used 32763K, capacity 38775K, committed 38784K, reserved 39296K
}
Event: 11149.072 GC heap before
{Heap before GC invocations=1271 (full 59):
 def new generation   total 101376K, used 91464K [0x03c00000, 0x0a9f0000, 0x0e2a0000)
  eden space 90176K,  92% used [0x03c00000, 0x08d5dff0, 0x09410000)
  from space 11200K,  72% used [0x09f00000, 0x0a6f4340, 0x0a9f0000)
  to   space 11200K,   0% used [0x09410000, 0x09410000, 0x09f00000)
 tenured generation   total 225072K, used 223183K [0x0e2a0000, 0x1be6c000, 0x23000000)
   the space 225072K,  99% used [0x0e2a0000, 0x1bc93c28, 0x1bc93e00, 0x1be6c000)
 Metaspace       used 32763K, capacity 38775K, committed 38784K, reserved 39296K
Event: 11149.077 GC heap after
Heap after GC invocations=1272 (full 59):
 def new generation   total 101376K, used 8135K [0x03c00000, 0x0a9f0000, 0x0e2a0000)
  eden space 90176K,   0% used [0x03c00000, 0x03c00000, 0x09410000)
  from space 11200K,  72% used [0x09410000, 0x09c01f50, 0x09f00000)
  to   space 11200K,   0% used [0x09f00000, 0x09f00000, 0x0a9f0000)
 tenured generation   total 225072K, used 223216K [0x0e2a0000, 0x1be6c000, 0x23000000)
   the space 225072K,  99% used [0x0e2a0000, 0x1bc9c258, 0x1bc9c400, 0x1be6c000)
 Metaspace       used 32763K, capacity 38775K, committed 38784K, reserved 39296K
}
Event: 11165.818 GC heap before
{Heap before GC invocations=1272 (full 59):
 def new generation   total 101376K, used 97628K [0x03c00000, 0x0a9f0000, 0x0e2a0000)
  eden space 90176K,  99% used [0x03c00000, 0x09365248, 0x09410000)
  from space 11200K,  72% used [0x09410000, 0x09c01f50, 0x09f00000)
  to   space 11200K,   0% used [0x09f00000, 0x09f00000, 0x0a9f0000)
 tenured generation   total 225072K, used 223216K [0x0e2a0000, 0x1be6c000, 0x23000000)
   the space 225072K,  99% used [0x0e2a0000, 0x1bc9c258, 0x1bc9c400, 0x1be6c000)
 Metaspace       used 32763K, capacity 38775K, committed 38784K, reserved 39296K
Event: 11165.823 GC heap after
Heap after GC invocations=1273 (full 59):
 def new generation   total 101376K, used 8165K [0x03c00000, 0x0a9f0000, 0x0e2a0000)
  eden space 90176K,   0% used [0x03c00000, 0x03c00000, 0x09410000)
  from space 11200K,  72% used [0x09f00000, 0x0a6f9470, 0x0a9f0000)
  to   space 11200K,   0% used [0x09410000, 0x09410000, 0x09f00000)
 tenured generation   total 225072K, used 223242K [0x0e2a0000, 0x1be6c000, 0x23000000)
   the space 225072K,  99% used [0x0e2a0000, 0x1bca2bf8, 0x1bca2c00, 0x1be6c000)
 Metaspace       used 32763K, capacity 38775K, committed 38784K, reserved 39296K
}
Event: 11178.932 GC heap before
{Heap before GC invocations=1273 (full 59):
 def new generation   total 101376K, used 91748K [0x03c00000, 0x0a9f0000, 0x0e2a0000)
  eden space 90176K,  92% used [0x03c00000, 0x08d9ff68, 0x09410000)
  from space 11200K,  72% used [0x09f00000, 0x0a6f9470, 0x0a9f0000)
  to   space 11200K,   0% used [0x09410000, 0x09410000, 0x09f00000)
 tenured generation   total 225072K, used 223242K [0x0e2a0000, 0x1be6c000, 0x23000000)
   the space 225072K,  99% used [0x0e2a0000, 0x1bca2bf8, 0x1bca2c00, 0x1be6c000)
 Metaspace       used 32763K, capacity 38775K, committed 38784K, reserved 39296K
Event: 11178.938 GC heap after
Heap after GC invocations=1274 (full 59):
 def new generation   total 101376K, used 8146K [0x03c00000, 0x0a9f0000, 0x0e2a0000)
  eden space 90176K,   0% used [0x03c00000, 0x03c00000, 0x09410000)
  from space 11200K,  72% used [0x09410000, 0x09c04980, 0x09f00000)
  to   space 11200K,   0% used [0x09f00000, 0x09f00000, 0x0a9f0000)
 tenured generation   total 225072K, used 223294K [0x0e2a0000, 0x1be6c000, 0x23000000)
   the space 225072K,  99% used [0x0e2a0000, 0x1bcafb80, 0x1bcafc00, 0x1be6c000)
 Metaspace       used 32763K, capacity 38775K, committed 38784K, reserved 39296K
}
Event: 11234.513 GC heap before
{Heap before GC invocations=1274 (full 59):
 def new generation   total 101376K, used 98322K [0x03c00000, 0x0a9f0000, 0x0e2a0000)
  eden space 90176K, 100% used [0x03c00000, 0x09410000, 0x09410000)
  from space 11200K,  72% used [0x09410000, 0x09c04980, 0x09f00000)
  to   space 11200K,   0% used [0x09f00000, 0x09f00000, 0x0a9f0000)
 tenured generation   total 225072K, used 223294K [0x0e2a0000, 0x1be6c000, 0x23000000)
   the space 225072K,  99% used [0x0e2a0000, 0x1bcafb80, 0x1bcafc00, 0x1be6c000)
 Metaspace       used 32781K, capacity 38805K, committed 38912K, reserved 39296K
Event: 11234.520 GC heap after
Heap after GC invocations=1275 (full 59):
 def new generation   total 101376K, used 8660K [0x03c00000, 0x0a9f0000, 0x0e2a0000)
  eden space 90176K,   0% used [0x03c00000, 0x03c00000, 0x09410000)
  from space 11200K,  77% used [0x09f00000, 0x0a7750a0, 0x0a9f0000)
  to   space 11200K,   0% used [0x09410000, 0x09410000, 0x09f00000)
 tenured generation   total 225072K, used 223328K [0x0e2a0000, 0x1be6c000, 0x23000000)
   the space 225072K,  99% used [0x0e2a0000, 0x1bcb83a0, 0x1bcb8400, 0x1be6c000)
 Metaspace       used 32781K, capacity 38805K, committed 38912K, reserved 39296K
}

