# JRE version: Java(TM) SE Runtime Environment (8.0_121-b13) (build 1.8.0_121-b13)
# Java VM: Java HotSpot(TM) Client VM (25.121-b13 mixed mode windows-x86 )
Heap:
 def new generation   total 153600K, used 27715K [0x03c00000, 0x0e2a0000, 0x0e2a0000)
  eden space 136576K,  14% used [0x03c00000, 0x04f00470, 0x0c160000)
  from space 17024K,  48% used [0x0d200000, 0x0da10b58, 0x0e2a0000)
  to   space 17024K,   0% used [0x0c160000, 0x0c160000, 0x0d200000)
 tenured generation   total 341376K, used 313424K [0x0e2a0000, 0x23000000, 0x23000000)
   the space 341376K,  91% used [0x0e2a0000, 0x214b40c0, 0x214b4200, 0x23000000)
 Metaspace       used 34548K, capacity 42048K, committed 42112K, reserved 42368K
GC Heap History (10 events):
Event: 56294.773 GC heap before
{Heap before GC invocations=4239 (full 127):
 def new generation   total 153600K, used 151036K [0x03c00000, 0x0e2a0000, 0x0e2a0000)
  eden space 136576K,  98% used [0x03c00000, 0x0bfa1ef0, 0x0c160000)
  from space 17024K,  95% used [0x0c160000, 0x0d13d298, 0x0d200000)
  to   space 17024K,   0% used [0x0d200000, 0x0d200000, 0x0e2a0000)
 tenured generation   total 341376K, used 313266K [0x0e2a0000, 0x23000000, 0x23000000)
   the space 341376K,  91% used [0x0e2a0000, 0x2148cb10, 0x2148cc00, 0x23000000)
 Metaspace       used 34493K, capacity 41975K, committed 41984K, reserved 42368K
Event: 56294.779 GC heap after
Heap after GC invocations=4240 (full 127):
 def new generation   total 153600K, used 8172K [0x03c00000, 0x0e2a0000, 0x0e2a0000)
  eden space 136576K,   0% used [0x03c00000, 0x03c00000, 0x0c160000)
  from space 17024K,  48% used [0x0d200000, 0x0d9fb380, 0x0e2a0000)
  to   space 17024K,   0% used [0x0c160000, 0x0c160000, 0x0d200000)
 tenured generation   total 341376K, used 313299K [0x0e2a0000, 0x23000000, 0x23000000)
   the space 341376K,  91% used [0x0e2a0000, 0x21494fa8, 0x21495000, 0x23000000)
 Metaspace       used 34493K, capacity 41975K, committed 41984K, reserved 42368K
}
Event: 56312.984 GC heap before
{Heap before GC invocations=4240 (full 127):
 def new generation   total 153600K, used 144312K [0x03c00000, 0x0e2a0000, 0x0e2a0000)
  eden space 136576K,  99% used [0x03c00000, 0x0c0f2de0, 0x0c160000)
  from space 17024K,  48% used [0x0d200000, 0x0d9fb380, 0x0e2a0000)
  to   space 17024K,   0% used [0x0c160000, 0x0c160000, 0x0d200000)
 tenured generation   total 341376K, used 313299K [0x0e2a0000, 0x23000000, 0x23000000)
   the space 341376K,  91% used [0x0e2a0000, 0x21494fa8, 0x21495000, 0x23000000)
 Metaspace       used 34493K, capacity 41975K, committed 41984K, reserved 42368K
Event: 56312.991 GC heap after
Heap after GC invocations=4241 (full 127):
 def new generation   total 153600K, used 8189K [0x03c00000, 0x0e2a0000, 0x0e2a0000)
  eden space 136576K,   0% used [0x03c00000, 0x03c00000, 0x0c160000)
  from space 17024K,  48% used [0x0c160000, 0x0c95f4a8, 0x0d200000)
  to   space 17024K,   0% used [0x0d200000, 0x0d200000, 0x0e2a0000)
 tenured generation   total 341376K, used 313299K [0x0e2a0000, 0x23000000, 0x23000000)
   the space 341376K,  91% used [0x0e2a0000, 0x21494fa8, 0x21495000, 0x23000000)
 Metaspace       used 34493K, capacity 41975K, committed 41984K, reserved 42368K
}
Event: 56347.811 GC heap before
{Heap before GC invocations=4241 (full 127):
 def new generation   total 153600K, used 144765K [0x03c00000, 0x0e2a0000, 0x0e2a0000)
  eden space 136576K, 100% used [0x03c00000, 0x0c160000, 0x0c160000)
  from space 17024K,  48% used [0x0c160000, 0x0c95f4a8, 0x0d200000)
  to   space 17024K,   0% used [0x0d200000, 0x0d200000, 0x0e2a0000)
 tenured generation   total 341376K, used 313299K [0x0e2a0000, 0x23000000, 0x23000000)
   the space 341376K,  91% used [0x0e2a0000, 0x21494fa8, 0x21495000, 0x23000000)
 Metaspace       used 34493K, capacity 41975K, committed 41984K, reserved 42368K
Event: 56347.820 GC heap after
Heap after GC invocations=4242 (full 127):
 def new generation   total 153600K, used 16349K [0x03c00000, 0x0e2a0000, 0x0e2a0000)
  eden space 136576K,   0% used [0x03c00000, 0x03c00000, 0x0c160000)
  from space 17024K,  96% used [0x0d200000, 0x0e1f76a8, 0x0e2a0000)
  to   space 17024K,   0% used [0x0c160000, 0x0c160000, 0x0d200000)
 tenured generation   total 341376K, used 313299K [0x0e2a0000, 0x23000000, 0x23000000)
   the space 341376K,  91% used [0x0e2a0000, 0x21494fa8, 0x21495000, 0x23000000)
 Metaspace       used 34493K, capacity 41975K, committed 41984K, reserved 42368K
}
Event: 56352.421 GC heap before
{Heap before GC invocations=4242 (full 127):
 def new generation   total 153600K, used 150658K [0x03c00000, 0x0e2a0000, 0x0e2a0000)
  eden space 136576K,  98% used [0x03c00000, 0x0bf29308, 0x0c160000)
  from space 17024K,  96% used [0x0d200000, 0x0e1f76a8, 0x0e2a0000)
  to   space 17024K,   0% used [0x0c160000, 0x0c160000, 0x0d200000)
 tenured generation   total 341376K, used 313299K [0x0e2a0000, 0x23000000, 0x23000000)
   the space 341376K,  91% used [0x0e2a0000, 0x21494fa8, 0x21495000, 0x23000000)
 Metaspace       used 34493K, capacity 41975K, committed 41984K, reserved 42368K
Event: 56352.428 GC heap after
Heap after GC invocations=4243 (full 127):
 def new generation   total 153600K, used 8136K [0x03c00000, 0x0e2a0000, 0x0e2a0000)
  eden space 136576K,   0% used [0x03c00000, 0x03c00000, 0x0c160000)
  from space 17024K,  47% used [0x0c160000, 0x0c9523f0, 0x0d200000)
  to   space 17024K,   0% used [0x0d200000, 0x0d200000, 0x0e2a0000)
 tenured generation   total 341376K, used 313424K [0x0e2a0000, 0x23000000, 0x23000000)
   the space 341376K,  91% used [0x0e2a0000, 0x214b40c0, 0x214b4200, 0x23000000)
 Metaspace       used 34493K, capacity 41975K, committed 41984K, reserved 42368K
}
Event: 56390.728 GC heap before
{Heap before GC invocations=4243 (full 127):
 def new generation   total 153600K, used 144712K [0x03c00000, 0x0e2a0000, 0x0e2a0000)
  eden space 136576K, 100% used [0x03c00000, 0x0c160000, 0x0c160000)
  from space 17024K,  47% used [0x0c160000, 0x0c9523f0, 0x0d200000)
  to   space 17024K,   0% used [0x0d200000, 0x0d200000, 0x0e2a0000)
 tenured generation   total 341376K, used 313424K [0x0e2a0000, 0x23000000, 0x23000000)
   the space 341376K,  91% used [0x0e2a0000, 0x214b40c0, 0x214b4200, 0x23000000)
 Metaspace       used 34493K, capacity 41975K, committed 41984K, reserved 42368K
Event: 56390.734 GC heap after
Heap after GC invocations=4244 (full 127):
 def new generation   total 153600K, used 8258K [0x03c00000, 0x0e2a0000, 0x0e2a0000)
  eden space 136576K,   0% used [0x03c00000, 0x03c00000, 0x0c160000)
  from space 17024K,  48% used [0x0d200000, 0x0da10b58, 0x0e2a0000)
  to   space 17024K,   0% used [0x0c160000, 0x0c160000, 0x0d200000)
 tenured generation   total 341376K, used 313424K [0x0e2a0000, 0x23000000, 0x23000000)
   the space 341376K,  91% used [0x0e2a0000, 0x214b40c0, 0x214b4200, 0x23000000)
 Metaspace       used 34493K, capacity 41975K, committed 41984K, reserved 42368K
}

