# JRE version: Java(TM) SE Runtime Environment (8.0_121-b13) (build 1.8.0_121-b13)
# Java VM: Java HotSpot(TM) Client VM (25.121-b13 mixed mode windows-x86 )
Heap:
 def new generation   total 92224K, used 70371K [0x03e00000, 0x0a210000, 0x0e4a0000)
  eden space 81984K,  74% used [0x03e00000, 0x079fc390, 0x08e10000)
  from space 10240K,  87% used [0x09810000, 0x0a0cc8d8, 0x0a210000)
  to   space 10240K,   0% used [0x08e10000, 0x08e10000, 0x09810000)
 tenured generation   total 204860K, used 163817K [0x0e4a0000, 0x1acaf000, 0x23200000)
   the space 204860K,  79% used [0x0e4a0000, 0x1849a648, 0x1849a800, 0x1acaf000)
 Metaspace       used 32572K, capacity 38329K, committed 38400K, reserved 39296K
GC Heap History (10 events):
Event: 7931.332 GC heap before
{Heap before GC invocations=1347 (full 83):
 def new generation   total 92224K, used 90085K [0x03e00000, 0x0a210000, 0x0e4a0000)
  eden space 81984K, 100% used [0x03e00000, 0x08e10000, 0x08e10000)
  from space 10240K,  79% used [0x08e10000, 0x095f9718, 0x09810000)
  to   space 10240K,   0% used [0x09810000, 0x09810000, 0x0a210000)
 tenured generation   total 204860K, used 139516K [0x0e4a0000, 0x1acaf000, 0x23200000)
   the space 204860K,  68% used [0x0e4a0000, 0x16cdf1e8, 0x16cdf200, 0x1acaf000)
 Metaspace       used 32475K, capacity 38224K, committed 38272K, reserved 38272K
Event: 7931.337 GC heap after
Heap after GC invocations=1348 (full 83):
 def new generation   total 92224K, used 8101K [0x03e00000, 0x0a210000, 0x0e4a0000)
  eden space 81984K,   0% used [0x03e00000, 0x03e00000, 0x08e10000)
  from space 10240K,  79% used [0x09810000, 0x09ff9718, 0x0a210000)
  to   space 10240K,   0% used [0x08e10000, 0x08e10000, 0x09810000)
 tenured generation   total 204860K, used 147616K [0x0e4a0000, 0x1acaf000, 0x23200000)
   the space 204860K,  72% used [0x0e4a0000, 0x174c8280, 0x174c8400, 0x1acaf000)
 Metaspace       used 32475K, capacity 38224K, committed 38272K, reserved 38272K
}
Event: 7932.121 GC heap before
{Heap before GC invocations=1348 (full 83):
 def new generation   total 92224K, used 90085K [0x03e00000, 0x0a210000, 0x0e4a0000)
  eden space 81984K, 100% used [0x03e00000, 0x08e10000, 0x08e10000)
  from space 10240K,  79% used [0x09810000, 0x09ff9718, 0x0a210000)
  to   space 10240K,   0% used [0x08e10000, 0x08e10000, 0x09810000)
 tenured generation   total 204860K, used 147616K [0x0e4a0000, 0x1acaf000, 0x23200000)
   the space 204860K,  72% used [0x0e4a0000, 0x174c8280, 0x174c8400, 0x1acaf000)
 Metaspace       used 32475K, capacity 38224K, committed 38272K, reserved 38272K
Event: 7932.127 GC heap after
Heap after GC invocations=1349 (full 83):
 def new generation   total 92224K, used 8101K [0x03e00000, 0x0a210000, 0x0e4a0000)
  eden space 81984K,   0% used [0x03e00000, 0x03e00000, 0x08e10000)
  from space 10240K,  79% used [0x08e10000, 0x095f9718, 0x09810000)
  to   space 10240K,   0% used [0x09810000, 0x09810000, 0x0a210000)
 tenured generation   total 204860K, used 155716K [0x0e4a0000, 0x1acaf000, 0x23200000)
   the space 204860K,  76% used [0x0e4a0000, 0x17cb1318, 0x17cb1400, 0x1acaf000)
 Metaspace       used 32475K, capacity 38224K, committed 38272K, reserved 38272K
}
Event: 7932.903 GC heap before
{Heap before GC invocations=1349 (full 83):
 def new generation   total 92224K, used 90085K [0x03e00000, 0x0a210000, 0x0e4a0000)
  eden space 81984K, 100% used [0x03e00000, 0x08e10000, 0x08e10000)
  from space 10240K,  79% used [0x08e10000, 0x095f9718, 0x09810000)
  to   space 10240K,   0% used [0x09810000, 0x09810000, 0x0a210000)
 tenured generation   total 204860K, used 155716K [0x0e4a0000, 0x1acaf000, 0x23200000)
   the space 204860K,  76% used [0x0e4a0000, 0x17cb1318, 0x17cb1400, 0x1acaf000)
 Metaspace       used 32475K, capacity 38224K, committed 38272K, reserved 38272K
Event: 7932.908 GC heap after
Heap after GC invocations=1350 (full 83):
 def new generation   total 92224K, used 8101K [0x03e00000, 0x0a210000, 0x0e4a0000)
  eden space 81984K,   0% used [0x03e00000, 0x03e00000, 0x08e10000)
  from space 10240K,  79% used [0x09810000, 0x09ff9718, 0x0a210000)
  to   space 10240K,   0% used [0x08e10000, 0x08e10000, 0x09810000)
 tenured generation   total 204860K, used 163816K [0x0e4a0000, 0x1acaf000, 0x23200000)
   the space 204860K,  79% used [0x0e4a0000, 0x1849a3b0, 0x1849a400, 0x1acaf000)
 Metaspace       used 32475K, capacity 38224K, committed 38272K, reserved 38272K
}
Event: 7978.238 GC heap before
{Heap before GC invocations=1350 (full 83):
 def new generation   total 92224K, used 90085K [0x03e00000, 0x0a210000, 0x0e4a0000)
  eden space 81984K, 100% used [0x03e00000, 0x08e10000, 0x08e10000)
  from space 10240K,  79% used [0x09810000, 0x09ff9718, 0x0a210000)
  to   space 10240K,   0% used [0x08e10000, 0x08e10000, 0x09810000)
 tenured generation   total 204860K, used 163816K [0x0e4a0000, 0x1acaf000, 0x23200000)
   the space 204860K,  79% used [0x0e4a0000, 0x1849a3b0, 0x1849a400, 0x1acaf000)
 Metaspace       used 32509K, capacity 38249K, committed 38272K, reserved 38272K
Event: 7978.241 GC heap after
Heap after GC invocations=1351 (full 83):
 def new generation   total 92224K, used 1003K [0x03e00000, 0x0a210000, 0x0e4a0000)
  eden space 81984K,   0% used [0x03e00000, 0x03e00000, 0x08e10000)
  from space 10240K,   9% used [0x08e10000, 0x08f0ae90, 0x09810000)
  to   space 10240K,   0% used [0x09810000, 0x09810000, 0x0a210000)
 tenured generation   total 204860K, used 163817K [0x0e4a0000, 0x1acaf000, 0x23200000)
   the space 204860K,  79% used [0x0e4a0000, 0x1849a648, 0x1849a800, 0x1acaf000)
 Metaspace       used 32509K, capacity 38249K, committed 38272K, reserved 38272K
}
Event: 8024.493 GC heap before
{Heap before GC invocations=1351 (full 83):
 def new generation   total 92224K, used 82987K [0x03e00000, 0x0a210000, 0x0e4a0000)
  eden space 81984K, 100% used [0x03e00000, 0x08e10000, 0x08e10000)
  from space 10240K,   9% used [0x08e10000, 0x08f0ae90, 0x09810000)
  to   space 10240K,   0% used [0x09810000, 0x09810000, 0x0a210000)
 tenured generation   total 204860K, used 163817K [0x0e4a0000, 0x1acaf000, 0x23200000)
   the space 204860K,  79% used [0x0e4a0000, 0x1849a648, 0x1849a800, 0x1acaf000)
 Metaspace       used 32509K, capacity 38249K, committed 38272K, reserved 38272K
Event: 8024.499 GC heap after
Heap after GC invocations=1352 (full 83):
 def new generation   total 92224K, used 8946K [0x03e00000, 0x0a210000, 0x0e4a0000)
  eden space 81984K,   0% used [0x03e00000, 0x03e00000, 0x08e10000)
  from space 10240K,  87% used [0x09810000, 0x0a0cc8d8, 0x0a210000)
  to   space 10240K,   0% used [0x08e10000, 0x08e10000, 0x09810000)
 tenured generation   total 204860K, used 163817K [0x0e4a0000, 0x1acaf000, 0x23200000)
   the space 204860K,  79% used [0x0e4a0000, 0x1849a648, 0x1849a800, 0x1acaf000)
 Metaspace       used 32509K, capacity 38249K, committed 38272K, reserved 38272K
}

