# JRE version: Java(TM) SE Runtime Environment (8.0_112-b15) (build 1.8.0_112-b15)
# Java VM: Java HotSpot(TM) Client VM (25.112-b15 mixed mode windows-x86 )
Heap:
 def new generation   total 67136K, used 62336K [0x03c00000, 0x084d0000, 0x0e2a0000)
  eden space 59712K, 100% used [0x03c00000, 0x07650000, 0x07650000)
  from space 7424K,  35% used [0x07650000, 0x078e00b0, 0x07d90000)
  to   space 7424K,   0% used [0x07d90000, 0x07d90000, 0x084d0000)
 tenured generation   total 149004K, used 74149K [0x0e2a0000, 0x17423000, 0x23000000)
   the space 149004K,  49% used [0x0e2a0000, 0x12b09558, 0x12b09600, 0x17423000)
 Metaspace       used 32180K, capacity 38098K, committed 38144K, reserved 38272K
GC Heap History (10 events):
Event: 1127.445 GC heap before
{Heap before GC invocations=121 (full 15):
 def new generation   total 67136K, used 54635K [0x03c00000, 0x084d0000, 0x0e2a0000)
  eden space 59712K,  91% used [0x03c00000, 0x0713be18, 0x07650000)
  from space 7424K,   1% used [0x07d90000, 0x07daf108, 0x084d0000)
  to   space 7424K,   0% used [0x07650000, 0x07650000, 0x07d90000)
 tenured generation   total 149004K, used 122931K [0x0e2a0000, 0x17423000, 0x23000000)
   the space 149004K,  82% used [0x0e2a0000, 0x15aacc80, 0x15aace00, 0x17423000)
 Metaspace       used 32126K, capacity 38039K, committed 38144K, reserved 38272K
Event: 1127.452 GC heap after
Heap after GC invocations=122 (full 15):
 def new generation   total 67136K, used 130K [0x03c00000, 0x084d0000, 0x0e2a0000)
  eden space 59712K,   0% used [0x03c00000, 0x03c00000, 0x07650000)
  from space 7424K,   1% used [0x07650000, 0x07670a68, 0x07d90000)
  to   space 7424K,   0% used [0x07d90000, 0x07d90000, 0x084d0000)
 tenured generation   total 149004K, used 131031K [0x0e2a0000, 0x17423000, 0x23000000)
   the space 149004K,  87% used [0x0e2a0000, 0x16295c90, 0x16295e00, 0x17423000)
 Metaspace       used 32126K, capacity 38039K, committed 38144K, reserved 38272K
}
Event: 1153.810 GC heap before
{Heap before GC invocations=122 (full 15):
 def new generation   total 67136K, used 54139K [0x03c00000, 0x084d0000, 0x0e2a0000)
  eden space 59712K,  90% used [0x03c00000, 0x070be300, 0x07650000)
  from space 7424K,   1% used [0x07650000, 0x07670a68, 0x07d90000)
  to   space 7424K,   0% used [0x07d90000, 0x07d90000, 0x084d0000)
 tenured generation   total 149004K, used 131031K [0x0e2a0000, 0x17423000, 0x23000000)
   the space 149004K,  87% used [0x0e2a0000, 0x16295c90, 0x16295e00, 0x17423000)
 Metaspace       used 32128K, capacity 38044K, committed 38144K, reserved 38272K
Event: 1153.818 GC heap after
Heap after GC invocations=123 (full 15):
 def new generation   total 67136K, used 179K [0x03c00000, 0x084d0000, 0x0e2a0000)
  eden space 59712K,   0% used [0x03c00000, 0x03c00000, 0x07650000)
  from space 7424K,   2% used [0x07d90000, 0x07dbcd38, 0x084d0000)
  to   space 7424K,   0% used [0x07650000, 0x07650000, 0x07d90000)
 tenured generation   total 149004K, used 139131K [0x0e2a0000, 0x17423000, 0x23000000)
   the space 149004K,  93% used [0x0e2a0000, 0x16a7eca0, 0x16a7ee00, 0x17423000)
 Metaspace       used 32128K, capacity 38044K, committed 38144K, reserved 38272K
}
Event: 1154.284 GC heap before
{Heap before GC invocations=123 (full 15):
 def new generation   total 67136K, used 59891K [0x03c00000, 0x084d0000, 0x0e2a0000)
  eden space 59712K, 100% used [0x03c00000, 0x07650000, 0x07650000)
  from space 7424K,   2% used [0x07d90000, 0x07dbcd38, 0x084d0000)
  to   space 7424K,   0% used [0x07650000, 0x07650000, 0x07d90000)
 tenured generation   total 149004K, used 139131K [0x0e2a0000, 0x17423000, 0x23000000)
   the space 149004K,  93% used [0x0e2a0000, 0x16a7eca0, 0x16a7ee00, 0x17423000)
 Metaspace       used 32128K, capacity 38044K, committed 38144K, reserved 38272K
Event: 1154.292 GC heap after
Heap after GC invocations=124 (full 15):
 def new generation   total 67136K, used 2055K [0x03c00000, 0x084d0000, 0x0e2a0000)
  eden space 59712K,   0% used [0x03c00000, 0x03c00000, 0x07650000)
  from space 7424K,  27% used [0x07650000, 0x07851d60, 0x07d90000)
  to   space 7424K,   0% used [0x07d90000, 0x07d90000, 0x084d0000)
 tenured generation   total 149004K, used 147231K [0x0e2a0000, 0x17423000, 0x23000000)
   the space 149004K,  98% used [0x0e2a0000, 0x17267cb0, 0x17267e00, 0x17423000)
 Metaspace       used 32128K, capacity 38044K, committed 38144K, reserved 38272K
}
Event: 1185.912 GC heap before
{Heap before GC invocations=124 (full 15):
 def new generation   total 67136K, used 61200K [0x03c00000, 0x084d0000, 0x0e2a0000)
  eden space 59712K,  99% used [0x03c00000, 0x075c2468, 0x07650000)
  from space 7424K,  27% used [0x07650000, 0x07851d60, 0x07d90000)
  to   space 7424K,   0% used [0x07d90000, 0x07d90000, 0x084d0000)
 tenured generation   total 149004K, used 147231K [0x0e2a0000, 0x17423000, 0x23000000)
   the space 149004K,  98% used [0x0e2a0000, 0x17267cb0, 0x17267e00, 0x17423000)
 Metaspace       used 32141K, capacity 38084K, committed 38144K, reserved 38272K
Event: 1186.167 GC heap after
Heap after GC invocations=125 (full 16):
 def new generation   total 67136K, used 0K [0x03c00000, 0x084d0000, 0x0e2a0000)
  eden space 59712K,   0% used [0x03c00000, 0x03c00000, 0x07650000)
  from space 7424K,   0% used [0x07d90000, 0x07d90000, 0x084d0000)
  to   space 7424K,   0% used [0x07650000, 0x07650000, 0x07d90000)
 tenured generation   total 149004K, used 66049K [0x0e2a0000, 0x17423000, 0x23000000)
   the space 149004K,  44% used [0x0e2a0000, 0x12320548, 0x12320600, 0x17423000)
 Metaspace       used 32141K, capacity 38084K, committed 38144K, reserved 38272K
}
Event: 1249.227 GC heap before
{Heap before GC invocations=125 (full 16):
 def new generation   total 67136K, used 59712K [0x03c00000, 0x084d0000, 0x0e2a0000)
  eden space 59712K, 100% used [0x03c00000, 0x07650000, 0x07650000)
  from space 7424K,   0% used [0x07d90000, 0x07d90000, 0x084d0000)
  to   space 7424K,   0% used [0x07650000, 0x07650000, 0x07d90000)
 tenured generation   total 149004K, used 66049K [0x0e2a0000, 0x17423000, 0x23000000)
   the space 149004K,  44% used [0x0e2a0000, 0x12320548, 0x12320600, 0x17423000)
 Metaspace       used 32144K, capacity 38091K, committed 38144K, reserved 38272K
Event: 1249.235 GC heap after
Heap after GC invocations=126 (full 16):
 def new generation   total 67136K, used 2624K [0x03c00000, 0x084d0000, 0x0e2a0000)
  eden space 59712K,   0% used [0x03c00000, 0x03c00000, 0x07650000)
  from space 7424K,  35% used [0x07650000, 0x078e00b0, 0x07d90000)
  to   space 7424K,   0% used [0x07d90000, 0x07d90000, 0x084d0000)
 tenured generation   total 149004K, used 74149K [0x0e2a0000, 0x17423000, 0x23000000)
   the space 149004K,  49% used [0x0e2a0000, 0x12b09558, 0x12b09600, 0x17423000)
 Metaspace       used 32144K, capacity 38091K, committed 38144K, reserved 38272K
}

